<?xml version="1.0" encoding="UTF-8"?>
<!-- Generated by org.testng.reporters.JUnitReportReporter -->
<testsuite skipped="0" hostname="SCC0679" name="com.emirates.project.test.CarSelectionPageTest" tests="6" failures="0" timestamp="18 sep 2018 23:17:10 GMT" time="14.578" errors="0">
  <testcase name="isPageLoadedTest" time="0.216" classname="com.emirates.project.test.CarSelectionPageTest"/>
  <testcase name="enterUserNameTest" time="10.641" classname="com.emirates.project.test.CarSelectionPageTest"/>
  <testcase name="performCarSelectionTest" time="2.407" classname="com.emirates.project.test.CarSelectionPageTest"/>
  <testcase name="clickSendNameButtonTest" time="0.305" classname="com.emirates.project.test.CarSelectionPageTest"/>
  <testcase name="isUserDataShownTest" time="0.917" classname="com.emirates.project.test.CarSelectionPageTest"/>
  <testcase name="isPageUnloadedTest" time="0.092" classname="com.emirates.project.test.CarSelectionPageTest"/>
</testsuite> <!-- com.emirates.project.test.CarSelectionPageTest -->
