<?xml version="1.0" encoding="UTF-8"?>
<!-- Generated by org.testng.reporters.JUnitReportReporter -->
<testsuite skipped="0" hostname="SCC0679" name="com.emirates.project.test.HomePageTest" tests="3" failures="0" timestamp="18 sep 2018 23:17:10 GMT" time="3.077" errors="0">
  <testcase name="isPageLoadedTest" time="0.117" classname="com.emirates.project.test.HomePageTest"/>
  <testcase name="clickChromeIconTest" time="0.301" classname="com.emirates.project.test.HomePageTest"/>
  <testcase name="isPageUnloadedTest" time="2.659" classname="com.emirates.project.test.HomePageTest"/>
</testsuite> <!-- com.emirates.project.test.HomePageTest -->
