<?xml version="1.0" encoding="UTF-8"?>
<!-- Generated by org.testng.reporters.JUnitReportReporter -->
<testsuite skipped="0" hostname="SCC0679" name="com.emirates.project.test.Delete" tests="1" failures="0" timestamp="18 sep 2018 22:21:57 GMT" time="1.687" errors="0">
  <testcase name="doit" time="1.687" classname="com.emirates.project.test.Delete"/>
</testsuite> <!-- com.emirates.project.test.Delete -->
