<?xml version="1.0" encoding="UTF-8"?>
<testsuite xmlns:xsi="http://www.w3.org/2001/XMLSchema-instance" xsi:noNamespaceSchemaLocation="https://maven.apache.org/surefire/maven-surefire-plugin/xsd/surefire-test-report.xsd" name="TestSuite" time="38.166" tests="15" errors="0" skipped="0" failures="3">
  <properties>
    <property name="sun.desktop" value="windows"/>
    <property name="awt.toolkit" value="sun.awt.windows.WToolkit"/>
    <property name="file.encoding.pkg" value="sun.io"/>
    <property name="java.specification.version" value="1.8"/>
    <property name="sun.cpu.isalist" value="amd64"/>
    <property name="sun.jnu.encoding" value="Cp1252"/>
    <property name="java.class.path" value="C:\appium_files\EmiratesAutomationTest\target\test-classes;C:\appium_files\EmiratesAutomationTest\target\classes;C:\Users\YOGH5035\.m2\repository\io\appium\java-client\6.1.0\java-client-6.1.0.jar;C:\Users\YOGH5035\.m2\repository\org\seleniumhq\selenium\selenium-java\3.12.0\selenium-java-3.12.0.jar;C:\Users\YOGH5035\.m2\repository\org\seleniumhq\selenium\selenium-chrome-driver\3.12.0\selenium-chrome-driver-3.12.0.jar;C:\Users\YOGH5035\.m2\repository\org\seleniumhq\selenium\selenium-edge-driver\3.12.0\selenium-edge-driver-3.12.0.jar;C:\Users\YOGH5035\.m2\repository\org\seleniumhq\selenium\selenium-firefox-driver\3.12.0\selenium-firefox-driver-3.12.0.jar;C:\Users\YOGH5035\.m2\repository\org\seleniumhq\selenium\selenium-ie-driver\3.12.0\selenium-ie-driver-3.12.0.jar;C:\Users\YOGH5035\.m2\repository\org\seleniumhq\selenium\selenium-opera-driver\3.12.0\selenium-opera-driver-3.12.0.jar;C:\Users\YOGH5035\.m2\repository\org\seleniumhq\selenium\selenium-remote-driver\3.12.0\selenium-remote-driver-3.12.0.jar;C:\Users\YOGH5035\.m2\repository\org\seleniumhq\selenium\selenium-safari-driver\3.12.0\selenium-safari-driver-3.12.0.jar;C:\Users\YOGH5035\.m2\repository\net\bytebuddy\byte-buddy\1.8.3\byte-buddy-1.8.3.jar;C:\Users\YOGH5035\.m2\repository\org\apache\commons\commons-exec\1.3\commons-exec-1.3.jar;C:\Users\YOGH5035\.m2\repository\commons-codec\commons-codec\1.10\commons-codec-1.10.jar;C:\Users\YOGH5035\.m2\repository\commons-logging\commons-logging\1.2\commons-logging-1.2.jar;C:\Users\YOGH5035\.m2\repository\com\google\guava\guava\23.6-jre\guava-23.6-jre.jar;C:\Users\YOGH5035\.m2\repository\com\google\code\findbugs\jsr305\1.3.9\jsr305-1.3.9.jar;C:\Users\YOGH5035\.m2\repository\org\checkerframework\checker-compat-qual\2.0.0\checker-compat-qual-2.0.0.jar;C:\Users\YOGH5035\.m2\repository\com\google\errorprone\error_prone_annotations\2.1.3\error_prone_annotations-2.1.3.jar;C:\Users\YOGH5035\.m2\repository\com\google\j2objc\j2objc-annotations\1.1\j2objc-annotations-1.1.jar;C:\Users\YOGH5035\.m2\repository\org\codehaus\mojo\animal-sniffer-annotations\1.14\animal-sniffer-annotations-1.14.jar;C:\Users\YOGH5035\.m2\repository\org\apache\httpcomponents\httpcore\4.4.6\httpcore-4.4.6.jar;C:\Users\YOGH5035\.m2\repository\com\squareup\okhttp3\okhttp\3.9.1\okhttp-3.9.1.jar;C:\Users\YOGH5035\.m2\repository\com\squareup\okio\okio\1.13.0\okio-1.13.0.jar;C:\Users\YOGH5035\.m2\repository\org\seleniumhq\selenium\selenium-support\3.12.0\selenium-support-3.12.0.jar;C:\Users\YOGH5035\.m2\repository\org\seleniumhq\selenium\selenium-api\3.12.0\selenium-api-3.12.0.jar;C:\Users\YOGH5035\.m2\repository\com\google\code\gson\gson\2.8.4\gson-2.8.4.jar;C:\Users\YOGH5035\.m2\repository\org\apache\httpcomponents\httpclient\4.5.5\httpclient-4.5.5.jar;C:\Users\YOGH5035\.m2\repository\cglib\cglib\3.2.6\cglib-3.2.6.jar;C:\Users\YOGH5035\.m2\repository\org\ow2\asm\asm\6.0\asm-6.0.jar;C:\Users\YOGH5035\.m2\repository\org\apache\ant\ant\1.9.6\ant-1.9.6.jar;C:\Users\YOGH5035\.m2\repository\org\apache\ant\ant-launcher\1.9.6\ant-launcher-1.9.6.jar;C:\Users\YOGH5035\.m2\repository\commons-validator\commons-validator\1.6\commons-validator-1.6.jar;C:\Users\YOGH5035\.m2\repository\commons-beanutils\commons-beanutils\1.9.2\commons-beanutils-1.9.2.jar;C:\Users\YOGH5035\.m2\repository\commons-digester\commons-digester\1.8.1\commons-digester-1.8.1.jar;C:\Users\YOGH5035\.m2\repository\commons-collections\commons-collections\3.2.2\commons-collections-3.2.2.jar;C:\Users\YOGH5035\.m2\repository\org\apache\commons\commons-lang3\3.7\commons-lang3-3.7.jar;C:\Users\YOGH5035\.m2\repository\commons-io\commons-io\2.6\commons-io-2.6.jar;C:\Users\YOGH5035\.m2\repository\org\springframework\spring-context\5.0.5.RELEASE\spring-context-5.0.5.RELEASE.jar;C:\Users\YOGH5035\.m2\repository\org\springframework\spring-aop\5.0.5.RELEASE\spring-aop-5.0.5.RELEASE.jar;C:\Users\YOGH5035\.m2\repository\org\springframework\spring-beans\5.0.5.RELEASE\spring-beans-5.0.5.RELEASE.jar;C:\Users\YOGH5035\.m2\repository\org\springframework\spring-core\5.0.5.RELEASE\spring-core-5.0.5.RELEASE.jar;C:\Users\YOGH5035\.m2\repository\org\springframework\spring-jcl\5.0.5.RELEASE\spring-jcl-5.0.5.RELEASE.jar;C:\Users\YOGH5035\.m2\repository\org\springframework\spring-expression\5.0.5.RELEASE\spring-expression-5.0.5.RELEASE.jar;C:\Users\YOGH5035\.m2\repository\org\aspectj\aspectjweaver\1.9.1\aspectjweaver-1.9.1.jar;C:\Users\YOGH5035\.m2\repository\org\openpnp\opencv\3.2.0-1\opencv-3.2.0-1.jar;C:\Users\YOGH5035\.m2\repository\org\testng\testng\6.14.3\testng-6.14.3.jar;C:\Users\YOGH5035\.m2\repository\com\beust\jcommander\1.72\jcommander-1.72.jar;C:\Users\YOGH5035\.m2\repository\org\apache-extras\beanshell\bsh\2.0b6\bsh-2.0b6.jar;C:\Users\YOGH5035\.m2\repository\org\apache\maven\surefire\surefire-testng-utils\2.22.0\surefire-testng-utils-2.22.0.jar;C:\Users\YOGH5035\.m2\repository\org\apache\maven\surefire\surefire-grouper\2.22.0\surefire-grouper-2.22.0.jar;"/>
    <property name="java.vm.vendor" value="Oracle Corporation"/>
    <property name="sun.arch.data.model" value="64"/>
    <property name="user.variant" value=""/>
    <property name="java.vendor.url" value="http://java.oracle.com/"/>
    <property name="user.timezone" value="Europe/Berlin"/>
    <property name="user.country.format" value="SE"/>
    <property name="java.vm.specification.version" value="1.8"/>
    <property name="os.name" value="Windows 10"/>
    <property name="user.country" value="US"/>
    <property name="sun.java.launcher" value="SUN_STANDARD"/>
    <property name="sun.boot.library.path" value="C:\Program Files\Java\jdk1.8.0_181\jre\bin"/>
    <property name="sun.java.command" value="C:\Users\YOGH5035\AppData\Local\Temp\surefire372047089801355044\surefirebooter8073183631045704595.jar C:\Users\YOGH5035\AppData\Local\Temp\surefire372047089801355044 2018-09-19T01-16-31_119-jvmRun1 surefire4403767230040668093tmp surefire_0980388930827949818tmp"/>
    <property name="surefire.test.class.path" value="C:\appium_files\EmiratesAutomationTest\target\test-classes;C:\appium_files\EmiratesAutomationTest\target\classes;C:\Users\YOGH5035\.m2\repository\io\appium\java-client\6.1.0\java-client-6.1.0.jar;C:\Users\YOGH5035\.m2\repository\org\seleniumhq\selenium\selenium-java\3.12.0\selenium-java-3.12.0.jar;C:\Users\YOGH5035\.m2\repository\org\seleniumhq\selenium\selenium-chrome-driver\3.12.0\selenium-chrome-driver-3.12.0.jar;C:\Users\YOGH5035\.m2\repository\org\seleniumhq\selenium\selenium-edge-driver\3.12.0\selenium-edge-driver-3.12.0.jar;C:\Users\YOGH5035\.m2\repository\org\seleniumhq\selenium\selenium-firefox-driver\3.12.0\selenium-firefox-driver-3.12.0.jar;C:\Users\YOGH5035\.m2\repository\org\seleniumhq\selenium\selenium-ie-driver\3.12.0\selenium-ie-driver-3.12.0.jar;C:\Users\YOGH5035\.m2\repository\org\seleniumhq\selenium\selenium-opera-driver\3.12.0\selenium-opera-driver-3.12.0.jar;C:\Users\YOGH5035\.m2\repository\org\seleniumhq\selenium\selenium-remote-driver\3.12.0\selenium-remote-driver-3.12.0.jar;C:\Users\YOGH5035\.m2\repository\org\seleniumhq\selenium\selenium-safari-driver\3.12.0\selenium-safari-driver-3.12.0.jar;C:\Users\YOGH5035\.m2\repository\net\bytebuddy\byte-buddy\1.8.3\byte-buddy-1.8.3.jar;C:\Users\YOGH5035\.m2\repository\org\apache\commons\commons-exec\1.3\commons-exec-1.3.jar;C:\Users\YOGH5035\.m2\repository\commons-codec\commons-codec\1.10\commons-codec-1.10.jar;C:\Users\YOGH5035\.m2\repository\commons-logging\commons-logging\1.2\commons-logging-1.2.jar;C:\Users\YOGH5035\.m2\repository\com\google\guava\guava\23.6-jre\guava-23.6-jre.jar;C:\Users\YOGH5035\.m2\repository\com\google\code\findbugs\jsr305\1.3.9\jsr305-1.3.9.jar;C:\Users\YOGH5035\.m2\repository\org\checkerframework\checker-compat-qual\2.0.0\checker-compat-qual-2.0.0.jar;C:\Users\YOGH5035\.m2\repository\com\google\errorprone\error_prone_annotations\2.1.3\error_prone_annotations-2.1.3.jar;C:\Users\YOGH5035\.m2\repository\com\google\j2objc\j2objc-annotations\1.1\j2objc-annotations-1.1.jar;C:\Users\YOGH5035\.m2\repository\org\codehaus\mojo\animal-sniffer-annotations\1.14\animal-sniffer-annotations-1.14.jar;C:\Users\YOGH5035\.m2\repository\org\apache\httpcomponents\httpcore\4.4.6\httpcore-4.4.6.jar;C:\Users\YOGH5035\.m2\repository\com\squareup\okhttp3\okhttp\3.9.1\okhttp-3.9.1.jar;C:\Users\YOGH5035\.m2\repository\com\squareup\okio\okio\1.13.0\okio-1.13.0.jar;C:\Users\YOGH5035\.m2\repository\org\seleniumhq\selenium\selenium-support\3.12.0\selenium-support-3.12.0.jar;C:\Users\YOGH5035\.m2\repository\org\seleniumhq\selenium\selenium-api\3.12.0\selenium-api-3.12.0.jar;C:\Users\YOGH5035\.m2\repository\com\google\code\gson\gson\2.8.4\gson-2.8.4.jar;C:\Users\YOGH5035\.m2\repository\org\apache\httpcomponents\httpclient\4.5.5\httpclient-4.5.5.jar;C:\Users\YOGH5035\.m2\repository\cglib\cglib\3.2.6\cglib-3.2.6.jar;C:\Users\YOGH5035\.m2\repository\org\ow2\asm\asm\6.0\asm-6.0.jar;C:\Users\YOGH5035\.m2\repository\org\apache\ant\ant\1.9.6\ant-1.9.6.jar;C:\Users\YOGH5035\.m2\repository\org\apache\ant\ant-launcher\1.9.6\ant-launcher-1.9.6.jar;C:\Users\YOGH5035\.m2\repository\commons-validator\commons-validator\1.6\commons-validator-1.6.jar;C:\Users\YOGH5035\.m2\repository\commons-beanutils\commons-beanutils\1.9.2\commons-beanutils-1.9.2.jar;C:\Users\YOGH5035\.m2\repository\commons-digester\commons-digester\1.8.1\commons-digester-1.8.1.jar;C:\Users\YOGH5035\.m2\repository\commons-collections\commons-collections\3.2.2\commons-collections-3.2.2.jar;C:\Users\YOGH5035\.m2\repository\org\apache\commons\commons-lang3\3.7\commons-lang3-3.7.jar;C:\Users\YOGH5035\.m2\repository\commons-io\commons-io\2.6\commons-io-2.6.jar;C:\Users\YOGH5035\.m2\repository\org\springframework\spring-context\5.0.5.RELEASE\spring-context-5.0.5.RELEASE.jar;C:\Users\YOGH5035\.m2\repository\org\springframework\spring-aop\5.0.5.RELEASE\spring-aop-5.0.5.RELEASE.jar;C:\Users\YOGH5035\.m2\repository\org\springframework\spring-beans\5.0.5.RELEASE\spring-beans-5.0.5.RELEASE.jar;C:\Users\YOGH5035\.m2\repository\org\springframework\spring-core\5.0.5.RELEASE\spring-core-5.0.5.RELEASE.jar;C:\Users\YOGH5035\.m2\repository\org\springframework\spring-jcl\5.0.5.RELEASE\spring-jcl-5.0.5.RELEASE.jar;C:\Users\YOGH5035\.m2\repository\org\springframework\spring-expression\5.0.5.RELEASE\spring-expression-5.0.5.RELEASE.jar;C:\Users\YOGH5035\.m2\repository\org\aspectj\aspectjweaver\1.9.1\aspectjweaver-1.9.1.jar;C:\Users\YOGH5035\.m2\repository\org\openpnp\opencv\3.2.0-1\opencv-3.2.0-1.jar;C:\Users\YOGH5035\.m2\repository\org\testng\testng\6.14.3\testng-6.14.3.jar;C:\Users\YOGH5035\.m2\repository\com\beust\jcommander\1.72\jcommander-1.72.jar;C:\Users\YOGH5035\.m2\repository\org\apache-extras\beanshell\bsh\2.0b6\bsh-2.0b6.jar;C:\Users\YOGH5035\.m2\repository\org\apache\maven\surefire\surefire-testng-utils\2.22.0\surefire-testng-utils-2.22.0.jar;C:\Users\YOGH5035\.m2\repository\org\apache\maven\surefire\surefire-grouper\2.22.0\surefire-grouper-2.22.0.jar;"/>
    <property name="sun.cpu.endian" value="little"/>
    <property name="user.home" value="C:\Users\YOGH5035"/>
    <property name="user.language" value="en"/>
    <property name="java.specification.vendor" value="Oracle Corporation"/>
    <property name="java.home" value="C:\Program Files\Java\jdk1.8.0_181\jre"/>
    <property name="basedir" value="C:\appium_files\EmiratesAutomationTest"/>
    <property name="file.separator" value="\"/>
    <property name="line.separator" value="&#10;"/>
    <property name="java.vm.specification.vendor" value="Oracle Corporation"/>
    <property name="java.specification.name" value="Java Platform API Specification"/>
    <property name="java.awt.graphicsenv" value="sun.awt.Win32GraphicsEnvironment"/>
    <property name="surefire.real.class.path" value="C:\Users\YOGH5035\AppData\Local\Temp\surefire372047089801355044\surefirebooter8073183631045704595.jar"/>
    <property name="sun.boot.class.path" value="C:\Program Files\Java\jdk1.8.0_181\jre\lib\resources.jar;C:\Program Files\Java\jdk1.8.0_181\jre\lib\rt.jar;C:\Program Files\Java\jdk1.8.0_181\jre\lib\sunrsasign.jar;C:\Program Files\Java\jdk1.8.0_181\jre\lib\jsse.jar;C:\Program Files\Java\jdk1.8.0_181\jre\lib\jce.jar;C:\Program Files\Java\jdk1.8.0_181\jre\lib\charsets.jar;C:\Program Files\Java\jdk1.8.0_181\jre\lib\jfr.jar;C:\Program Files\Java\jdk1.8.0_181\jre\classes"/>
    <property name="user.script" value=""/>
    <property name="sun.management.compiler" value="HotSpot 64-Bit Tiered Compilers"/>
    <property name="java.runtime.version" value="1.8.0_181-b13"/>
    <property name="user.name" value="YOGH5035"/>
    <property name="path.separator" value=";"/>
    <property name="os.version" value="10.0"/>
    <property name="java.endorsed.dirs" value="C:\Program Files\Java\jdk1.8.0_181\jre\lib\endorsed"/>
    <property name="java.runtime.name" value="Java(TM) SE Runtime Environment"/>
    <property name="file.encoding" value="Cp1252"/>
    <property name="java.vm.name" value="Java HotSpot(TM) 64-Bit Server VM"/>
    <property name="localRepository" value="C:\Users\YOGH5035\.m2\repository"/>
    <property name="java.vendor.url.bug" value="http://bugreport.sun.com/bugreport/"/>
    <property name="java.io.tmpdir" value="C:\Users\YOGH5035\AppData\Local\Temp\"/>
    <property name="java.version" value="1.8.0_181"/>
    <property name="user.dir" value="C:\appium_files\EmiratesAutomationTest"/>
    <property name="os.arch" value="amd64"/>
    <property name="java.vm.specification.name" value="Java Virtual Machine Specification"/>
    <property name="java.awt.printerjob" value="sun.awt.windows.WPrinterJob"/>
    <property name="user.language.format" value="sv"/>
    <property name="sun.os.patch.level" value=""/>
    <property name="java.library.path" value="C:\Program Files\Java\jdk1.8.0_181\jre\bin;C:\WINDOWS\Sun\Java\bin;C:\WINDOWS\system32;C:\WINDOWS;C:\Program Files (x86)\Common Files\Oracle\Java\javapath;C:\Program Files (x86)\Intel\iCLS Client\;C:\Program Files\Intel\iCLS Client\;C:\WINDOWS\system32;C:\WINDOWS;C:\WINDOWS\System32\Wbem;C:\WINDOWS\System32\WindowsPowerShell\v1.0\;C:\Program Files\Java\jdk1.8.0_181\bin\;C:\Program Files\nodejs\;C:\Program Files\Intel\WiFi\bin\;C:\Program Files\Common Files\Intel\WirelessCommon\;C:\Program Files (x86)\Intel\Intel(R) Management Engine Components\DAL;C:\Program Files\Intel\Intel(R) Management Engine Components\DAL;C:\Program Files (x86)\Intel\Intel(R) Management Engine Components\IPT;C:\Program Files\Intel\Intel(R) Management Engine Components\IPT;C:\Users\YOGH5035\AppData\Local\Android\sdk\tools;C:\Users\YOGH5035\AppData\Local\Android\sdk\tools\bin;C:\Users\YOGH5035\AppData\Local\Android\sdk\platform-tools;C:\Users\YOGH5035\AppData\Local\Android\sdk\build-tools;C:\Users\YOGH5035\AppData\Local\Android\sdk\emulator;C:\Users\YOGH5035\AppData\Local\Android\sdk\tools;C:\Users\YOGH5035\AppData\Local\Android\sdk\platform-tools;C:\Users\YOGH5035\AppData\Local\Android\sdk\build-tools\27.0.3;C:\maven\apache-maven-3.5.4\bin;C:\Program Files\Java\jdk1.8.0_181\bin;C:\Users\YOGH5035\AppData\Local\Microsoft\WindowsApps;C:\Program Files\Microsoft VS Code\bin;C:\Users\YOGH5035\AppData\Roaming\npm;C:\adb\platform-tools;;."/>
    <property name="java.vm.info" value="mixed mode"/>
    <property name="java.vendor" value="Oracle Corporation"/>
    <property name="java.vm.version" value="25.181-b13"/>
    <property name="java.ext.dirs" value="C:\Program Files\Java\jdk1.8.0_181\jre\lib\ext;C:\WINDOWS\Sun\Java\lib\ext"/>
    <property name="sun.io.unicode.encoding" value="UnicodeLittle"/>
    <property name="java.class.version" value="52.0"/>
  </properties>
  <testcase name="isPageLoadedTest" classname="com.emirates.project.test.HomePageTest" time="0.118"/>
  <testcase name="clickChromeIconTest" classname="com.emirates.project.test.HomePageTest" time="0.3"/>
  <testcase name="isPageUnloadedTest" classname="com.emirates.project.test.HomePageTest" time="2.658"/>
  <testcase name="isPageLoadedTest" classname="com.emirates.project.test.CarSelectionPageTest" time="0.215"/>
  <testcase name="enterUserNameTest" classname="com.emirates.project.test.CarSelectionPageTest" time="10.641"/>
  <testcase name="performCarSelectionTest" classname="com.emirates.project.test.CarSelectionPageTest" time="2.407"/>
  <testcase name="clickSendNameButtonTest" classname="com.emirates.project.test.CarSelectionPageTest" time="0.305"/>
  <testcase name="isUserDataShownTest" classname="com.emirates.project.test.CarSelectionPageTest" time="0.917"/>
  <testcase name="isPageUnloadedTest" classname="com.emirates.project.test.CarSelectionPageTest" time="0.092"/>
  <testcase name="returnToHomePageTest" classname="com.emirates.project.test.PopUpPageTest" time="1.185"/>
  <testcase name="isPageLoadedTest" classname="com.emirates.project.test.PopUpPageTest" time="0.034"/>
  <testcase name="getPopUpWindowTextTest" classname="com.emirates.project.test.PopUpPageTest" time="3.192">
    <failure message="Index: 0, Size: 0" type="java.lang.IndexOutOfBoundsException">java.lang.IndexOutOfBoundsException: Index: 0, Size: 0
	at com.emirates.project.test.PopUpPageTest.getPopUpWindowTextTest(PopUpPageTest.java:41)
</failure>
  </testcase>
  <testcase name="dismissPopUpWindowTest" classname="com.emirates.project.test.PopUpPageTest" time="3.059">
    <failure type="java.lang.NullPointerException">java.lang.NullPointerException
	at com.emirates.project.test.PopUpPageTest.dismissPopUpWindowTest(PopUpPageTest.java:48)
</failure>
    <system-out><![CDATA[Item was not found!
]]></system-out>
  </testcase>
  <testcase name="clickThrowExceptionButton" classname="com.emirates.project.test.PopUpPageTest" time="1.614">
    <failure message="Expected to faild. Exception thrown by clicking the exception button! expected [true] but found [false]" type="java.lang.AssertionError">java.lang.AssertionError: Expected to faild. Exception thrown by clicking the exception button! expected [true] but found [false]
	at com.emirates.project.test.PopUpPageTest.clickThrowExceptionButton(PopUpPageTest.java:55)
</failure>
  </testcase>
  <testcase name="isPageUnloadedTest" classname="com.emirates.project.test.PopUpPageTest" time="0.001"/>
</testsuite>